Command line:
   TB_UnidadControl_isim_beh.exe
     -simmode  gui
     -simrunnum  0
     -socket  38987

Wed Aug  3 09:26:15 2022


 Elaboration Time: 0.1 sec

 Current Memory Usage: 189.993 Meg

 Total Signals          : 23
 Total Nets             : 46
 Total Signal Drivers   : 16
 Total Blocks           : 5
 Total Primitive Blocks : 4
 Total Processes        : 6
 Total Traceable Variables  : 11
 Total Scalar Nets and Variables : 425
Total Line Count : 263

 Total Simulation Time: 0.23 sec

 Current Memory Usage: 265.495 Meg

Wed Aug  3 09:45:02 2022

